(---------------------------------------------------------------------)
(                                                                     )
(    QUICKPLACE LOG                                                   )
(                                                                     )
(    Drawing          : BODY.brd                                      )
(    Software Version : 16.6-2015S059                                 )
(    Date/Time        : Wed Mar 01 17:15:11 2017                      )
(                                                                     )
(---------------------------------------------------------------------)


State: Placing on layer TOP

         Placed symbol:  U1 / EM78P156EP_0_DIP18_3_EM78P156EP / DIP18_3 at (1.373 21.893)
         Placed symbol:  J4 / CONN PCB 5_HEADER_5_5_PINS_180_ / HEADER_5 at (12.066 3.903)
         Placed symbol:  J1 / CONN PCB 5-R_HEADER_5_5_PINS_18 / HEADER_5 at (25.469 3.903)
         Placed symbol:  U4 / OPTO ISOLATOR_3_LTH_1550-01_LTH / LTH_1550-01 at (39.660 4.215)
         Placed symbol:  U2 / OPTO ISOLATOR_3_LTH_1550-01_LTH / LTH_1550-01 at (48.703 4.215)
         Placed symbol:  U3 / OPTO ISOLATOR_3_LTH_1550-01_LTH / LTH_1550-01 at (57.746 4.215)
         Placed symbol:  Q4 / 1R1001_TO92_8050 / TO92 at (65.569 4.014)
         Placed symbol:  Q2 / 1R1001_TO92_C1815 / TO92 at (69.378 4.014)
         Placed symbol:  Q1 / 1R1001_TO92_C1815 / TO92 at (73.187 4.014)
         Placed symbol:  Q3 / 1R1001_TO92_C1815 / TO92 at (76.996 4.014)
         Placed symbol:  Q5 / 1R1001_TO92_8050 / TO92 at (1.271 27.077)
         Placed symbol:  D6 / LED_LEDKA_GREEN / LEDKA at (5.512 26.216)
         Placed symbol:  D5 / LED_LEDKA_GREEN / LEDKA at (11.415 26.216)
         Placed symbol:  C3 / C_CAPCK06_11PF / CAPCK06 at (16.988 24.636)
         Placed symbol:  D2 / LED_LEDKA_RED / LEDKA at (20.061 26.216)
         Placed symbol:  MK1 / MICROPHONE_MICROPHONE_MICROPHON / MICROPHONE at (28.274 31.086)
         Placed symbol:  D4 / LED_LEDKA_RED / LEDKA at (36.527 26.216)
         Placed symbol:  D3 / LED_LEDKA_RED / LEDKA at (42.430 26.216)
         Placed symbol:  J3 / MOTOR_JUMPER2_LEFT MOTOR / JUMPER2 at (48.003 24.636)
         Placed symbol:  J2 / MOTOR_JUMPER2_RIGHT MOTOR / JUMPER2 at (53.286 24.636)
         Placed symbol:  C2 / C_CAPCK06_104 / CAPCK06 at (58.569 24.636)
         Placed symbol:  R1 / R_ODPOR_560R / ODPOR at (61.718 24.736)
         Placed symbol:  C1 / C_CAPCK06_104 / CAPCK06 at (74.532 24.636)
         Placed symbol:  D1 / DIODE_DIODE_1N4004 / DIODE at (1.779 35.110)
         Placed symbol:  R11 / R_ODPOR_220R / ODPOR at (15.158 35.299)
         Placed symbol:  R14 / R_ODPOR_220R / ODPOR at (28.378 35.299)
         Placed symbol:  R15 / R_ODPOR_220R / ODPOR at (41.598 35.299)
         Placed symbol:  R16 / R_ODPOR_220R / ODPOR at (54.818 35.299)
         Placed symbol:  R5 / R_ODPOR_220R / ODPOR at (68.038 35.299)
         Placed symbol:  R6 / R_ODPOR_220R / ODPOR at (1.779 38.242)
         Placed symbol:  R13 / R_ODPOR_100K / ODPOR at (14.999 38.242)
         Placed symbol:  R17 / R_ODPOR_33K / ODPOR at (28.219 38.242)
         Placed symbol:  R18 / R_ODPOR_33K / ODPOR at (41.439 38.242)
         Placed symbol:  R19 / R_ODPOR_33K / ODPOR at (54.659 38.242)
         Placed symbol:  R2 / R_ODPOR_10K / ODPOR at (67.879 38.242)
         Placed symbol:  R3 / R_ODPOR_3.3M / ODPOR at (1.779 41.185)
         Placed symbol:  R4 / R_ODPOR_56K / ODPOR at (14.999 41.185)
         Placed symbol:  R7 / R_ODPOR_330R / ODPOR at (28.219 41.185)
         Placed symbol:  R8 / R_ODPOR_330R / ODPOR at (41.439 41.185)
         Placed symbol:  R9 / R_ODPOR_330R / ODPOR at (54.659 41.185)
         Placed symbol:  SW1 / SW_PB_SPST_JUMPER2_POWER SW / JUMPER2 at (67.473 41.085)
         Placed symbol:  R10 / R_ODPOR_3.3K / ODPOR at (1.779 44.128)
         Placed symbol:  R12 / R_ODPOR_220R / ODPOR at (14.999 44.128)
         Placed symbol:  C4 / CAP POL_CAPCK06_100UF / CAPCK06 at (27.813 44.028)
         Placed symbol:  BT1 / BATTERY_JUMPER2_BATTERY / JUMPER2 at (30.556 44.028)


Placed 45 of 45 applicable (45 total) symbols.

-----------------------------------------------------------------------

